<?xml version="1.0" encoding="UTF-8"?>
<!-- Generated by org.testng.reporters.JUnitReportReporter -->
<testsuite hostname="SHISHIR" failures="0" tests="2" name="com.qa.testcases.AddProductsShoppingCartTest" time="139.322" errors="0" timestamp="2024-03-03T16:13:14 BDT" skipped="0">
  <testcase classname="com.qa.testcases.AddProductsShoppingCartTest" name="CustomerAddProductsShoppingCartTest" time="40.326"/>
  <system-out/>
  <testcase classname="com.qa.testcases.AddProductsShoppingCartTest" name="CustomerPlaceOrderUsingGuestUserTest" time="98.996"/>
  <system-out/>
</testsuite> <!-- com.qa.testcases.AddProductsShoppingCartTest -->
